The system is: Linux - 2.6.32-431.29.2.el6.x86_64 - x86_64
Compiling the C compiler identification source file "CMakeCCompilerId.c" succeeded.
Compiler: /usr/lib64/ccache/cc 
Build flags: 
Id flags: 

The output was:
0


Compilation of the C compiler identification source "CMakeCCompilerId.c" produced "a.out"

The C compiler identification is GNU, found in "/afs/andrew.cmu.edu/usr18/roysung/RealGraphics/p3late/p3-late1/src/build/CMakeFiles/2.8.12.2/CompilerIdC/a.out"

Compiling the CXX compiler identification source file "CMakeCXXCompilerId.cpp" succeeded.
Compiler: /usr/lib64/ccache/c++ 
Build flags: 
Id flags: 

The output was:
0


Compilation of the CXX compiler identification source "CMakeCXXCompilerId.cpp" produced "a.out"

The CXX compiler identification is GNU, found in "/afs/andrew.cmu.edu/usr18/roysung/RealGraphics/p3late/p3-late1/src/build/CMakeFiles/2.8.12.2/CompilerIdCXX/a.out"

Determining if the C compiler works passed with the following output:
Change Dir: /afs/andrew.cmu.edu/usr18/roysung/RealGraphics/p3late/p3-late1/src/build/CMakeFiles/CMakeTmp

Run Build Command:/usr/bin/gmake "cmTryCompileExec2898883431/fast"
/usr/bin/gmake -f CMakeFiles/cmTryCompileExec2898883431.dir/build.make CMakeFiles/cmTryCompileExec2898883431.dir/build
gmake[1]: Entering directory `/afs/andrew.cmu.edu/usr18/roysung/RealGraphics/p3late/p3-late1/src/build/CMakeFiles/CMakeTmp'
/usr/bin/cmake -E cmake_progress_report /afs/andrew.cmu.edu/usr18/roysung/RealGraphics/p3late/p3-late1/src/build/CMakeFiles/CMakeTmp/CMakeFiles 1
Building C object CMakeFiles/cmTryCompileExec2898883431.dir/testCCompiler.c.o
/usr/lib64/ccache/cc    -o CMakeFiles/cmTryCompileExec2898883431.dir/testCCompiler.c.o   -c /afs/andrew.cmu.edu/usr18/roysung/RealGraphics/p3late/p3-late1/src/build/CMakeFiles/CMakeTmp/testCCompiler.c
Linking C executable cmTryCompileExec2898883431
/usr/bin/cmake -E cmake_link_script CMakeFiles/cmTryCompileExec2898883431.dir/link.txt --verbose=1
/usr/lib64/ccache/cc       CMakeFiles/cmTryCompileExec2898883431.dir/testCCompiler.c.o  -o cmTryCompileExec2898883431 -rdynamic 
gmake[1]: Leaving directory `/afs/andrew.cmu.edu/usr18/roysung/RealGraphics/p3late/p3-late1/src/build/CMakeFiles/CMakeTmp'


Detecting C compiler ABI info compiled with the following output:
Change Dir: /afs/andrew.cmu.edu/usr18/roysung/RealGraphics/p3late/p3-late1/src/build/CMakeFiles/CMakeTmp

Run Build Command:/usr/bin/gmake "cmTryCompileExec4170550443/fast"
/usr/bin/gmake -f CMakeFiles/cmTryCompileExec4170550443.dir/build.make CMakeFiles/cmTryCompileExec4170550443.dir/build
gmake[1]: Entering directory `/afs/andrew.cmu.edu/usr18/roysung/RealGraphics/p3late/p3-late1/src/build/CMakeFiles/CMakeTmp'
/usr/bin/cmake -E cmake_progress_report /afs/andrew.cmu.edu/usr18/roysung/RealGraphics/p3late/p3-late1/src/build/CMakeFiles/CMakeTmp/CMakeFiles 1
Building C object CMakeFiles/cmTryCompileExec4170550443.dir/CMakeCCompilerABI.c.o
/usr/lib64/ccache/cc    -o CMakeFiles/cmTryCompileExec4170550443.dir/CMakeCCompilerABI.c.o   -c /usr/share/cmake/Modules/CMakeCCompilerABI.c
Linking C executable cmTryCompileExec4170550443
/usr/bin/cmake -E cmake_link_script CMakeFiles/cmTryCompileExec4170550443.dir/link.txt --verbose=1
/usr/lib64/ccache/cc     -v CMakeFiles/cmTryCompileExec4170550443.dir/CMakeCCompilerABI.c.o  -o cmTryCompileExec4170550443 -rdynamic  
Using built-in specs.
Target: x86_64-redhat-linux
Configured with: ../configure --prefix=/usr --mandir=/usr/share/man --infodir=/usr/share/info --with-bugurl=http://bugzilla.redhat.com/bugzilla --enable-bootstrap --enable-shared --enable-threads=posix --enable-checking=release --with-system-zlib --enable-__cxa_atexit --disable-libunwind-exceptions --enable-gnu-unique-object --enable-languages=c,c++,objc,obj-c++,java,fortran,ada --enable-java-awt=gtk --disable-dssi --with-java-home=/usr/lib/jvm/java-1.5.0-gcj-1.5.0.0/jre --enable-libgcj-multifile --enable-java-maintainer-mode --with-ecj-jar=/usr/share/java/eclipse-ecj.jar --disable-libjava-multilib --with-ppl --with-cloog --with-tune=generic --with-arch_32=i686 --build=x86_64-redhat-linux
Thread model: posix
gcc version 4.4.7 20120313 (Red Hat 4.4.7-11) (GCC) 
COMPILER_PATH=/usr/libexec/gcc/x86_64-redhat-linux/4.4.7/:/usr/libexec/gcc/x86_64-redhat-linux/4.4.7/:/usr/libexec/gcc/x86_64-redhat-linux/:/usr/lib/gcc/x86_64-redhat-linux/4.4.7/:/usr/lib/gcc/x86_64-redhat-linux/:/usr/libexec/gcc/x86_64-redhat-linux/4.4.7/:/usr/libexec/gcc/x86_64-redhat-linux/:/usr/lib/gcc/x86_64-redhat-linux/4.4.7/:/usr/lib/gcc/x86_64-redhat-linux/
LIBRARY_PATH=/usr/lib/gcc/x86_64-redhat-linux/4.4.7/:/usr/lib/gcc/x86_64-redhat-linux/4.4.7/:/usr/lib/gcc/x86_64-redhat-linux/4.4.7/../../../../lib64/:/lib/../lib64/:/usr/lib/../lib64/:/usr/lib/gcc/x86_64-redhat-linux/4.4.7/../../../:/lib/:/usr/lib/
COLLECT_GCC_OPTIONS='-v' '-o' 'cmTryCompileExec4170550443' '-rdynamic' '-mtune=generic'
 /usr/libexec/gcc/x86_64-redhat-linux/4.4.7/collect2 --eh-frame-hdr --build-id -m elf_x86_64 --hash-style=gnu -export-dynamic -dynamic-linker /lib64/ld-linux-x86-64.so.2 -o cmTryCompileExec4170550443 /usr/lib/gcc/x86_64-redhat-linux/4.4.7/../../../../lib64/crt1.o /usr/lib/gcc/x86_64-redhat-linux/4.4.7/../../../../lib64/crti.o /usr/lib/gcc/x86_64-redhat-linux/4.4.7/crtbegin.o -L/usr/lib/gcc/x86_64-redhat-linux/4.4.7 -L/usr/lib/gcc/x86_64-redhat-linux/4.4.7 -L/usr/lib/gcc/x86_64-redhat-linux/4.4.7/../../../../lib64 -L/lib/../lib64 -L/usr/lib/../lib64 -L/usr/lib/gcc/x86_64-redhat-linux/4.4.7/../../.. CMakeFiles/cmTryCompileExec4170550443.dir/CMakeCCompilerABI.c.o -lgcc --as-needed -lgcc_s --no-as-needed -lc -lgcc --as-needed -lgcc_s --no-as-needed /usr/lib/gcc/x86_64-redhat-linux/4.4.7/crtend.o /usr/lib/gcc/x86_64-redhat-linux/4.4.7/../../../../lib64/crtn.o
gmake[1]: Leaving directory `/afs/andrew.cmu.edu/usr18/roysung/RealGraphics/p3late/p3-late1/src/build/CMakeFiles/CMakeTmp'


Parsed C implicit link information from above output:
  link line regex: [^( *|.*[/\])(ld|([^/\]+-)?ld|collect2)[^/\]*( |$)]
  ignore line: [Change Dir: /afs/andrew.cmu.edu/usr18/roysung/RealGraphics/p3late/p3-late1/src/build/CMakeFiles/CMakeTmp]
  ignore line: []
  ignore line: [Run Build Command:/usr/bin/gmake "cmTryCompileExec4170550443/fast"]
  ignore line: [/usr/bin/gmake -f CMakeFiles/cmTryCompileExec4170550443.dir/build.make CMakeFiles/cmTryCompileExec4170550443.dir/build]
  ignore line: [gmake[1]: Entering directory `/afs/andrew.cmu.edu/usr18/roysung/RealGraphics/p3late/p3-late1/src/build/CMakeFiles/CMakeTmp']
  ignore line: [/usr/bin/cmake -E cmake_progress_report /afs/andrew.cmu.edu/usr18/roysung/RealGraphics/p3late/p3-late1/src/build/CMakeFiles/CMakeTmp/CMakeFiles 1]
  ignore line: [Building C object CMakeFiles/cmTryCompileExec4170550443.dir/CMakeCCompilerABI.c.o]
  ignore line: [/usr/lib64/ccache/cc    -o CMakeFiles/cmTryCompileExec4170550443.dir/CMakeCCompilerABI.c.o   -c /usr/share/cmake/Modules/CMakeCCompilerABI.c]
  ignore line: [Linking C executable cmTryCompileExec4170550443]
  ignore line: [/usr/bin/cmake -E cmake_link_script CMakeFiles/cmTryCompileExec4170550443.dir/link.txt --verbose=1]
  ignore line: [/usr/lib64/ccache/cc     -v CMakeFiles/cmTryCompileExec4170550443.dir/CMakeCCompilerABI.c.o  -o cmTryCompileExec4170550443 -rdynamic  ]
  ignore line: [Using built-in specs.]
  ignore line: [Target: x86_64-redhat-linux]
  ignore line: [Configured with: ../configure --prefix=/usr --mandir=/usr/share/man --infodir=/usr/share/info --with-bugurl=http://bugzilla.redhat.com/bugzilla --enable-bootstrap --enable-shared --enable-threads=posix --enable-checking=release --with-system-zlib --enable-__cxa_atexit --disable-libunwind-exceptions --enable-gnu-unique-object --enable-languages=c,c++,objc,obj-c++,java,fortran,ada --enable-java-awt=gtk --disable-dssi --with-java-home=/usr/lib/jvm/java-1.5.0-gcj-1.5.0.0/jre --enable-libgcj-multifile --enable-java-maintainer-mode --with-ecj-jar=/usr/share/java/eclipse-ecj.jar --disable-libjava-multilib --with-ppl --with-cloog --with-tune=generic --with-arch_32=i686 --build=x86_64-redhat-linux]
  ignore line: [Thread model: posix]
  ignore line: [gcc version 4.4.7 20120313 (Red Hat 4.4.7-11) (GCC) ]
  ignore line: [COMPILER_PATH=/usr/libexec/gcc/x86_64-redhat-linux/4.4.7/:/usr/libexec/gcc/x86_64-redhat-linux/4.4.7/:/usr/libexec/gcc/x86_64-redhat-linux/:/usr/lib/gcc/x86_64-redhat-linux/4.4.7/:/usr/lib/gcc/x86_64-redhat-linux/:/usr/libexec/gcc/x86_64-redhat-linux/4.4.7/:/usr/libexec/gcc/x86_64-redhat-linux/:/usr/lib/gcc/x86_64-redhat-linux/4.4.7/:/usr/lib/gcc/x86_64-redhat-linux/]
  ignore line: [LIBRARY_PATH=/usr/lib/gcc/x86_64-redhat-linux/4.4.7/:/usr/lib/gcc/x86_64-redhat-linux/4.4.7/:/usr/lib/gcc/x86_64-redhat-linux/4.4.7/../../../../lib64/:/lib/../lib64/:/usr/lib/../lib64/:/usr/lib/gcc/x86_64-redhat-linux/4.4.7/../../../:/lib/:/usr/lib/]
  ignore line: [COLLECT_GCC_OPTIONS='-v' '-o' 'cmTryCompileExec4170550443' '-rdynamic' '-mtune=generic']
  link line: [ /usr/libexec/gcc/x86_64-redhat-linux/4.4.7/collect2 --eh-frame-hdr --build-id -m elf_x86_64 --hash-style=gnu -export-dynamic -dynamic-linker /lib64/ld-linux-x86-64.so.2 -o cmTryCompileExec4170550443 /usr/lib/gcc/x86_64-redhat-linux/4.4.7/../../../../lib64/crt1.o /usr/lib/gcc/x86_64-redhat-linux/4.4.7/../../../../lib64/crti.o /usr/lib/gcc/x86_64-redhat-linux/4.4.7/crtbegin.o -L/usr/lib/gcc/x86_64-redhat-linux/4.4.7 -L/usr/lib/gcc/x86_64-redhat-linux/4.4.7 -L/usr/lib/gcc/x86_64-redhat-linux/4.4.7/../../../../lib64 -L/lib/../lib64 -L/usr/lib/../lib64 -L/usr/lib/gcc/x86_64-redhat-linux/4.4.7/../../.. CMakeFiles/cmTryCompileExec4170550443.dir/CMakeCCompilerABI.c.o -lgcc --as-needed -lgcc_s --no-as-needed -lc -lgcc --as-needed -lgcc_s --no-as-needed /usr/lib/gcc/x86_64-redhat-linux/4.4.7/crtend.o /usr/lib/gcc/x86_64-redhat-linux/4.4.7/../../../../lib64/crtn.o]
    arg [/usr/libexec/gcc/x86_64-redhat-linux/4.4.7/collect2] ==> ignore
    arg [--eh-frame-hdr] ==> ignore
    arg [--build-id] ==> ignore
    arg [-m] ==> ignore
    arg [elf_x86_64] ==> ignore
    arg [--hash-style=gnu] ==> ignore
    arg [-export-dynamic] ==> ignore
    arg [-dynamic-linker] ==> ignore
    arg [/lib64/ld-linux-x86-64.so.2] ==> ignore
    arg [-o] ==> ignore
    arg [cmTryCompileExec4170550443] ==> ignore
    arg [/usr/lib/gcc/x86_64-redhat-linux/4.4.7/../../../../lib64/crt1.o] ==> ignore
    arg [/usr/lib/gcc/x86_64-redhat-linux/4.4.7/../../../../lib64/crti.o] ==> ignore
    arg [/usr/lib/gcc/x86_64-redhat-linux/4.4.7/crtbegin.o] ==> ignore
    arg [-L/usr/lib/gcc/x86_64-redhat-linux/4.4.7] ==> dir [/usr/lib/gcc/x86_64-redhat-linux/4.4.7]
    arg [-L/usr/lib/gcc/x86_64-redhat-linux/4.4.7] ==> dir [/usr/lib/gcc/x86_64-redhat-linux/4.4.7]
    arg [-L/usr/lib/gcc/x86_64-redhat-linux/4.4.7/../../../../lib64] ==> dir [/usr/lib/gcc/x86_64-redhat-linux/4.4.7/../../../../lib64]
    arg [-L/lib/../lib64] ==> dir [/lib/../lib64]
    arg [-L/usr/lib/../lib64] ==> dir [/usr/lib/../lib64]
    arg [-L/usr/lib/gcc/x86_64-redhat-linux/4.4.7/../../..] ==> dir [/usr/lib/gcc/x86_64-redhat-linux/4.4.7/../../..]
    arg [CMakeFiles/cmTryCompileExec4170550443.dir/CMakeCCompilerABI.c.o] ==> ignore
    arg [-lgcc] ==> lib [gcc]
    arg [--as-needed] ==> ignore
    arg [-lgcc_s] ==> lib [gcc_s]
    arg [--no-as-needed] ==> ignore
    arg [-lc] ==> lib [c]
    arg [-lgcc] ==> lib [gcc]
    arg [--as-needed] ==> ignore
    arg [-lgcc_s] ==> lib [gcc_s]
    arg [--no-as-needed] ==> ignore
    arg [/usr/lib/gcc/x86_64-redhat-linux/4.4.7/crtend.o] ==> ignore
    arg [/usr/lib/gcc/x86_64-redhat-linux/4.4.7/../../../../lib64/crtn.o] ==> ignore
  remove lib [gcc]
  remove lib [gcc_s]
  remove lib [gcc]
  remove lib [gcc_s]
  collapse library dir [/usr/lib/gcc/x86_64-redhat-linux/4.4.7] ==> [/usr/lib/gcc/x86_64-redhat-linux/4.4.7]
  collapse library dir [/usr/lib/gcc/x86_64-redhat-linux/4.4.7] ==> [/usr/lib/gcc/x86_64-redhat-linux/4.4.7]
  collapse library dir [/usr/lib/gcc/x86_64-redhat-linux/4.4.7/../../../../lib64] ==> [/usr/lib64]
  collapse library dir [/lib/../lib64] ==> [/lib64]
  collapse library dir [/usr/lib/../lib64] ==> [/usr/lib64]
  collapse library dir [/usr/lib/gcc/x86_64-redhat-linux/4.4.7/../../..] ==> [/usr/lib]
  implicit libs: [c]
  implicit dirs: [/usr/lib/gcc/x86_64-redhat-linux/4.4.7;/usr/lib64;/lib64;/usr/lib]
  implicit fwks: []


Determining if the CXX compiler works passed with the following output:
Change Dir: /afs/andrew.cmu.edu/usr18/roysung/RealGraphics/p3late/p3-late1/src/build/CMakeFiles/CMakeTmp

Run Build Command:/usr/bin/gmake "cmTryCompileExec3949478253/fast"
/usr/bin/gmake -f CMakeFiles/cmTryCompileExec3949478253.dir/build.make CMakeFiles/cmTryCompileExec3949478253.dir/build
gmake[1]: Entering directory `/afs/andrew.cmu.edu/usr18/roysung/RealGraphics/p3late/p3-late1/src/build/CMakeFiles/CMakeTmp'
/usr/bin/cmake -E cmake_progress_report /afs/andrew.cmu.edu/usr18/roysung/RealGraphics/p3late/p3-late1/src/build/CMakeFiles/CMakeTmp/CMakeFiles 1
Building CXX object CMakeFiles/cmTryCompileExec3949478253.dir/testCXXCompiler.cxx.o
/usr/lib64/ccache/c++     -o CMakeFiles/cmTryCompileExec3949478253.dir/testCXXCompiler.cxx.o -c /afs/andrew.cmu.edu/usr18/roysung/RealGraphics/p3late/p3-late1/src/build/CMakeFiles/CMakeTmp/testCXXCompiler.cxx
Linking CXX executable cmTryCompileExec3949478253
/usr/bin/cmake -E cmake_link_script CMakeFiles/cmTryCompileExec3949478253.dir/link.txt --verbose=1
/usr/lib64/ccache/c++        CMakeFiles/cmTryCompileExec3949478253.dir/testCXXCompiler.cxx.o  -o cmTryCompileExec3949478253 -rdynamic 
gmake[1]: Leaving directory `/afs/andrew.cmu.edu/usr18/roysung/RealGraphics/p3late/p3-late1/src/build/CMakeFiles/CMakeTmp'


Detecting CXX compiler ABI info compiled with the following output:
Change Dir: /afs/andrew.cmu.edu/usr18/roysung/RealGraphics/p3late/p3-late1/src/build/CMakeFiles/CMakeTmp

Run Build Command:/usr/bin/gmake "cmTryCompileExec871856236/fast"
/usr/bin/gmake -f CMakeFiles/cmTryCompileExec871856236.dir/build.make CMakeFiles/cmTryCompileExec871856236.dir/build
gmake[1]: Entering directory `/afs/andrew.cmu.edu/usr18/roysung/RealGraphics/p3late/p3-late1/src/build/CMakeFiles/CMakeTmp'
/usr/bin/cmake -E cmake_progress_report /afs/andrew.cmu.edu/usr18/roysung/RealGraphics/p3late/p3-late1/src/build/CMakeFiles/CMakeTmp/CMakeFiles 1
Building CXX object CMakeFiles/cmTryCompileExec871856236.dir/CMakeCXXCompilerABI.cpp.o
/usr/lib64/ccache/c++     -o CMakeFiles/cmTryCompileExec871856236.dir/CMakeCXXCompilerABI.cpp.o -c /usr/share/cmake/Modules/CMakeCXXCompilerABI.cpp
Linking CXX executable cmTryCompileExec871856236
/usr/bin/cmake -E cmake_link_script CMakeFiles/cmTryCompileExec871856236.dir/link.txt --verbose=1
/usr/lib64/ccache/c++      -v CMakeFiles/cmTryCompileExec871856236.dir/CMakeCXXCompilerABI.cpp.o  -o cmTryCompileExec871856236 -rdynamic  
Using built-in specs.
COLLECT_GCC=/usr/local/bin/c++
COLLECT_LTO_WRAPPER=/usr/local/lib/gcc/libexec/gcc/x86_64-unknown-linux-gnu/4.8.1/lto-wrapper
Target: x86_64-unknown-linux-gnu
Configured with: ../gcc-4.8.1/configure --prefix=/usr/local/lib/gcc --enable-shared --enable-threads=posix --enable-checking-release --enable-languages=c,c++,java
Thread model: posix
gcc version 4.8.1 (GCC) 
COMPILER_PATH=/usr/local/lib/gcc/libexec/gcc/x86_64-unknown-linux-gnu/4.8.1/:/usr/local/lib/gcc/libexec/gcc/x86_64-unknown-linux-gnu/4.8.1/:/usr/local/lib/gcc/libexec/gcc/x86_64-unknown-linux-gnu/:/usr/local/lib/gcc/lib/gcc/x86_64-unknown-linux-gnu/4.8.1/:/usr/local/lib/gcc/lib/gcc/x86_64-unknown-linux-gnu/
LIBRARY_PATH=/usr/local/lib/gcc/lib/gcc/x86_64-unknown-linux-gnu/4.8.1/:/usr/local/lib/gcc/lib/gcc/x86_64-unknown-linux-gnu/4.8.1/../../../../lib64/:/lib/../lib64/:/usr/lib/../lib64/:/usr/local/lib/gcc/lib/gcc/x86_64-unknown-linux-gnu/4.8.1/../../../:/lib/:/usr/lib/
COLLECT_GCC_OPTIONS='-v' '-o' 'cmTryCompileExec871856236' '-rdynamic' '-shared-libgcc' '-mtune=generic' '-march=x86-64'
 /usr/local/lib/gcc/libexec/gcc/x86_64-unknown-linux-gnu/4.8.1/collect2 --eh-frame-hdr -m elf_x86_64 -export-dynamic -dynamic-linker /lib64/ld-linux-x86-64.so.2 -o cmTryCompileExec871856236 /usr/lib/../lib64/crt1.o /usr/lib/../lib64/crti.o /usr/local/lib/gcc/lib/gcc/x86_64-unknown-linux-gnu/4.8.1/crtbegin.o -L/usr/local/lib/gcc/lib/gcc/x86_64-unknown-linux-gnu/4.8.1 -L/usr/local/lib/gcc/lib/gcc/x86_64-unknown-linux-gnu/4.8.1/../../../../lib64 -L/lib/../lib64 -L/usr/lib/../lib64 -L/usr/local/lib/gcc/lib/gcc/x86_64-unknown-linux-gnu/4.8.1/../../.. CMakeFiles/cmTryCompileExec871856236.dir/CMakeCXXCompilerABI.cpp.o -lstdc++ -lm -lgcc_s -lgcc -lc -lgcc_s -lgcc /usr/local/lib/gcc/lib/gcc/x86_64-unknown-linux-gnu/4.8.1/crtend.o /usr/lib/../lib64/crtn.o
gmake[1]: Leaving directory `/afs/andrew.cmu.edu/usr18/roysung/RealGraphics/p3late/p3-late1/src/build/CMakeFiles/CMakeTmp'


Parsed CXX implicit link information from above output:
  link line regex: [^( *|.*[/\])(ld|([^/\]+-)?ld|collect2)[^/\]*( |$)]
  ignore line: [Change Dir: /afs/andrew.cmu.edu/usr18/roysung/RealGraphics/p3late/p3-late1/src/build/CMakeFiles/CMakeTmp]
  ignore line: []
  ignore line: [Run Build Command:/usr/bin/gmake "cmTryCompileExec871856236/fast"]
  ignore line: [/usr/bin/gmake -f CMakeFiles/cmTryCompileExec871856236.dir/build.make CMakeFiles/cmTryCompileExec871856236.dir/build]
  ignore line: [gmake[1]: Entering directory `/afs/andrew.cmu.edu/usr18/roysung/RealGraphics/p3late/p3-late1/src/build/CMakeFiles/CMakeTmp']
  ignore line: [/usr/bin/cmake -E cmake_progress_report /afs/andrew.cmu.edu/usr18/roysung/RealGraphics/p3late/p3-late1/src/build/CMakeFiles/CMakeTmp/CMakeFiles 1]
  ignore line: [Building CXX object CMakeFiles/cmTryCompileExec871856236.dir/CMakeCXXCompilerABI.cpp.o]
  ignore line: [/usr/lib64/ccache/c++     -o CMakeFiles/cmTryCompileExec871856236.dir/CMakeCXXCompilerABI.cpp.o -c /usr/share/cmake/Modules/CMakeCXXCompilerABI.cpp]
  ignore line: [Linking CXX executable cmTryCompileExec871856236]
  ignore line: [/usr/bin/cmake -E cmake_link_script CMakeFiles/cmTryCompileExec871856236.dir/link.txt --verbose=1]
  ignore line: [/usr/lib64/ccache/c++      -v CMakeFiles/cmTryCompileExec871856236.dir/CMakeCXXCompilerABI.cpp.o  -o cmTryCompileExec871856236 -rdynamic  ]
  ignore line: [Using built-in specs.]
  ignore line: [COLLECT_GCC=/usr/local/bin/c++]
  ignore line: [COLLECT_LTO_WRAPPER=/usr/local/lib/gcc/libexec/gcc/x86_64-unknown-linux-gnu/4.8.1/lto-wrapper]
  ignore line: [Target: x86_64-unknown-linux-gnu]
  ignore line: [Configured with: ../gcc-4.8.1/configure --prefix=/usr/local/lib/gcc --enable-shared --enable-threads=posix --enable-checking-release --enable-languages=c,c++,java]
  ignore line: [Thread model: posix]
  ignore line: [gcc version 4.8.1 (GCC) ]
  ignore line: [COMPILER_PATH=/usr/local/lib/gcc/libexec/gcc/x86_64-unknown-linux-gnu/4.8.1/:/usr/local/lib/gcc/libexec/gcc/x86_64-unknown-linux-gnu/4.8.1/:/usr/local/lib/gcc/libexec/gcc/x86_64-unknown-linux-gnu/:/usr/local/lib/gcc/lib/gcc/x86_64-unknown-linux-gnu/4.8.1/:/usr/local/lib/gcc/lib/gcc/x86_64-unknown-linux-gnu/]
  ignore line: [LIBRARY_PATH=/usr/local/lib/gcc/lib/gcc/x86_64-unknown-linux-gnu/4.8.1/:/usr/local/lib/gcc/lib/gcc/x86_64-unknown-linux-gnu/4.8.1/../../../../lib64/:/lib/../lib64/:/usr/lib/../lib64/:/usr/local/lib/gcc/lib/gcc/x86_64-unknown-linux-gnu/4.8.1/../../../:/lib/:/usr/lib/]
  ignore line: [COLLECT_GCC_OPTIONS='-v' '-o' 'cmTryCompileExec871856236' '-rdynamic' '-shared-libgcc' '-mtune=generic' '-march=x86-64']
  link line: [ /usr/local/lib/gcc/libexec/gcc/x86_64-unknown-linux-gnu/4.8.1/collect2 --eh-frame-hdr -m elf_x86_64 -export-dynamic -dynamic-linker /lib64/ld-linux-x86-64.so.2 -o cmTryCompileExec871856236 /usr/lib/../lib64/crt1.o /usr/lib/../lib64/crti.o /usr/local/lib/gcc/lib/gcc/x86_64-unknown-linux-gnu/4.8.1/crtbegin.o -L/usr/local/lib/gcc/lib/gcc/x86_64-unknown-linux-gnu/4.8.1 -L/usr/local/lib/gcc/lib/gcc/x86_64-unknown-linux-gnu/4.8.1/../../../../lib64 -L/lib/../lib64 -L/usr/lib/../lib64 -L/usr/local/lib/gcc/lib/gcc/x86_64-unknown-linux-gnu/4.8.1/../../.. CMakeFiles/cmTryCompileExec871856236.dir/CMakeCXXCompilerABI.cpp.o -lstdc++ -lm -lgcc_s -lgcc -lc -lgcc_s -lgcc /usr/local/lib/gcc/lib/gcc/x86_64-unknown-linux-gnu/4.8.1/crtend.o /usr/lib/../lib64/crtn.o]
    arg [/usr/local/lib/gcc/libexec/gcc/x86_64-unknown-linux-gnu/4.8.1/collect2] ==> ignore
    arg [--eh-frame-hdr] ==> ignore
    arg [-m] ==> ignore
    arg [elf_x86_64] ==> ignore
    arg [-export-dynamic] ==> ignore
    arg [-dynamic-linker] ==> ignore
    arg [/lib64/ld-linux-x86-64.so.2] ==> ignore
    arg [-o] ==> ignore
    arg [cmTryCompileExec871856236] ==> ignore
    arg [/usr/lib/../lib64/crt1.o] ==> ignore
    arg [/usr/lib/../lib64/crti.o] ==> ignore
    arg [/usr/local/lib/gcc/lib/gcc/x86_64-unknown-linux-gnu/4.8.1/crtbegin.o] ==> ignore
    arg [-L/usr/local/lib/gcc/lib/gcc/x86_64-unknown-linux-gnu/4.8.1] ==> dir [/usr/local/lib/gcc/lib/gcc/x86_64-unknown-linux-gnu/4.8.1]
    arg [-L/usr/local/lib/gcc/lib/gcc/x86_64-unknown-linux-gnu/4.8.1/../../../../lib64] ==> dir [/usr/local/lib/gcc/lib/gcc/x86_64-unknown-linux-gnu/4.8.1/../../../../lib64]
    arg [-L/lib/../lib64] ==> dir [/lib/../lib64]
    arg [-L/usr/lib/../lib64] ==> dir [/usr/lib/../lib64]
    arg [-L/usr/local/lib/gcc/lib/gcc/x86_64-unknown-linux-gnu/4.8.1/../../..] ==> dir [/usr/local/lib/gcc/lib/gcc/x86_64-unknown-linux-gnu/4.8.1/../../..]
    arg [CMakeFiles/cmTryCompileExec871856236.dir/CMakeCXXCompilerABI.cpp.o] ==> ignore
    arg [-lstdc++] ==> lib [stdc++]
    arg [-lm] ==> lib [m]
    arg [-lgcc_s] ==> lib [gcc_s]
    arg [-lgcc] ==> lib [gcc]
    arg [-lc] ==> lib [c]
    arg [-lgcc_s] ==> lib [gcc_s]
    arg [-lgcc] ==> lib [gcc]
    arg [/usr/local/lib/gcc/lib/gcc/x86_64-unknown-linux-gnu/4.8.1/crtend.o] ==> ignore
    arg [/usr/lib/../lib64/crtn.o] ==> ignore
  remove lib [gcc_s]
  remove lib [gcc]
  remove lib [gcc_s]
  remove lib [gcc]
  collapse library dir [/usr/local/lib/gcc/lib/gcc/x86_64-unknown-linux-gnu/4.8.1] ==> [/usr/local/lib/gcc/lib/gcc/x86_64-unknown-linux-gnu/4.8.1]
  collapse library dir [/usr/local/lib/gcc/lib/gcc/x86_64-unknown-linux-gnu/4.8.1/../../../../lib64] ==> [/usr/local/lib/gcc/lib64]
  collapse library dir [/lib/../lib64] ==> [/lib64]
  collapse library dir [/usr/lib/../lib64] ==> [/usr/lib64]
  collapse library dir [/usr/local/lib/gcc/lib/gcc/x86_64-unknown-linux-gnu/4.8.1/../../..] ==> [/usr/local/lib/gcc/lib]
  implicit libs: [stdc++;m;c]
  implicit dirs: [/usr/local/lib/gcc/lib/gcc/x86_64-unknown-linux-gnu/4.8.1;/usr/local/lib/gcc/lib64;/lib64;/usr/lib64;/usr/local/lib/gcc/lib]
  implicit fwks: []


Determining if files pthread.h exist passed with the following output:
Change Dir: /afs/andrew.cmu.edu/usr18/roysung/RealGraphics/p3late/p3-late1/src/build/CMakeFiles/CMakeTmp

Run Build Command:/usr/bin/gmake "cmTryCompileExec15252720/fast"
/usr/bin/gmake -f CMakeFiles/cmTryCompileExec15252720.dir/build.make CMakeFiles/cmTryCompileExec15252720.dir/build
gmake[1]: Entering directory `/afs/andrew.cmu.edu/usr18/roysung/RealGraphics/p3late/p3-late1/src/build/CMakeFiles/CMakeTmp'
/usr/bin/cmake -E cmake_progress_report /afs/andrew.cmu.edu/usr18/roysung/RealGraphics/p3late/p3-late1/src/build/CMakeFiles/CMakeTmp/CMakeFiles 1
Building C object CMakeFiles/cmTryCompileExec15252720.dir/CheckIncludeFiles.c.o
/usr/lib64/ccache/cc    -o CMakeFiles/cmTryCompileExec15252720.dir/CheckIncludeFiles.c.o   -c /afs/andrew.cmu.edu/usr18/roysung/RealGraphics/p3late/p3-late1/src/build/CMakeFiles/CMakeTmp/CheckIncludeFiles.c
Linking C executable cmTryCompileExec15252720
/usr/bin/cmake -E cmake_link_script CMakeFiles/cmTryCompileExec15252720.dir/link.txt --verbose=1
/usr/lib64/ccache/cc       CMakeFiles/cmTryCompileExec15252720.dir/CheckIncludeFiles.c.o  -o cmTryCompileExec15252720 -rdynamic 
gmake[1]: Leaving directory `/afs/andrew.cmu.edu/usr18/roysung/RealGraphics/p3late/p3-late1/src/build/CMakeFiles/CMakeTmp'


Determining if the function pthread_create exists in the pthread passed with the following output:
Change Dir: /afs/andrew.cmu.edu/usr18/roysung/RealGraphics/p3late/p3-late1/src/build/CMakeFiles/CMakeTmp

Run Build Command:/usr/bin/gmake "cmTryCompileExec2693052629/fast"
/usr/bin/gmake -f CMakeFiles/cmTryCompileExec2693052629.dir/build.make CMakeFiles/cmTryCompileExec2693052629.dir/build
gmake[1]: Entering directory `/afs/andrew.cmu.edu/usr18/roysung/RealGraphics/p3late/p3-late1/src/build/CMakeFiles/CMakeTmp'
/usr/bin/cmake -E cmake_progress_report /afs/andrew.cmu.edu/usr18/roysung/RealGraphics/p3late/p3-late1/src/build/CMakeFiles/CMakeTmp/CMakeFiles 1
Building C object CMakeFiles/cmTryCompileExec2693052629.dir/CheckFunctionExists.c.o
/usr/lib64/ccache/cc   -DCHECK_FUNCTION_EXISTS=pthread_create   -o CMakeFiles/cmTryCompileExec2693052629.dir/CheckFunctionExists.c.o   -c /usr/share/cmake/Modules/CheckFunctionExists.c
Linking C executable cmTryCompileExec2693052629
/usr/bin/cmake -E cmake_link_script CMakeFiles/cmTryCompileExec2693052629.dir/link.txt --verbose=1
/usr/lib64/ccache/cc   -DCHECK_FUNCTION_EXISTS=pthread_create    CMakeFiles/cmTryCompileExec2693052629.dir/CheckFunctionExists.c.o  -o cmTryCompileExec2693052629 -rdynamic -lpthread 
gmake[1]: Leaving directory `/afs/andrew.cmu.edu/usr18/roysung/RealGraphics/p3late/p3-late1/src/build/CMakeFiles/CMakeTmp'


Determining if the function XOpenDisplay exists in the /usr/lib64/libX11.so;/usr/lib64/libXext.so passed with the following output:
Change Dir: /afs/andrew.cmu.edu/usr18/roysung/RealGraphics/p3late/p3-late1/src/build/CMakeFiles/CMakeTmp

Run Build Command:/usr/bin/gmake "cmTryCompileExec4209980095/fast"
/usr/bin/gmake -f CMakeFiles/cmTryCompileExec4209980095.dir/build.make CMakeFiles/cmTryCompileExec4209980095.dir/build
gmake[1]: Entering directory `/afs/andrew.cmu.edu/usr18/roysung/RealGraphics/p3late/p3-late1/src/build/CMakeFiles/CMakeTmp'
/usr/bin/cmake -E cmake_progress_report /afs/andrew.cmu.edu/usr18/roysung/RealGraphics/p3late/p3-late1/src/build/CMakeFiles/CMakeTmp/CMakeFiles 1
Building C object CMakeFiles/cmTryCompileExec4209980095.dir/CheckFunctionExists.c.o
/usr/lib64/ccache/cc   -DCHECK_FUNCTION_EXISTS=XOpenDisplay   -o CMakeFiles/cmTryCompileExec4209980095.dir/CheckFunctionExists.c.o   -c /usr/share/cmake/Modules/CheckFunctionExists.c
Linking C executable cmTryCompileExec4209980095
/usr/bin/cmake -E cmake_link_script CMakeFiles/cmTryCompileExec4209980095.dir/link.txt --verbose=1
/usr/lib64/ccache/cc   -DCHECK_FUNCTION_EXISTS=XOpenDisplay    CMakeFiles/cmTryCompileExec4209980095.dir/CheckFunctionExists.c.o  -o cmTryCompileExec4209980095 -rdynamic -lX11 -lXext 
gmake[1]: Leaving directory `/afs/andrew.cmu.edu/usr18/roysung/RealGraphics/p3late/p3-late1/src/build/CMakeFiles/CMakeTmp'


Determining if the function gethostbyname exists passed with the following output:
Change Dir: /afs/andrew.cmu.edu/usr18/roysung/RealGraphics/p3late/p3-late1/src/build/CMakeFiles/CMakeTmp

Run Build Command:/usr/bin/gmake "cmTryCompileExec1833646606/fast"
/usr/bin/gmake -f CMakeFiles/cmTryCompileExec1833646606.dir/build.make CMakeFiles/cmTryCompileExec1833646606.dir/build
gmake[1]: Entering directory `/afs/andrew.cmu.edu/usr18/roysung/RealGraphics/p3late/p3-late1/src/build/CMakeFiles/CMakeTmp'
/usr/bin/cmake -E cmake_progress_report /afs/andrew.cmu.edu/usr18/roysung/RealGraphics/p3late/p3-late1/src/build/CMakeFiles/CMakeTmp/CMakeFiles 1
Building C object CMakeFiles/cmTryCompileExec1833646606.dir/CheckFunctionExists.c.o
/usr/lib64/ccache/cc   -DCHECK_FUNCTION_EXISTS=gethostbyname   -o CMakeFiles/cmTryCompileExec1833646606.dir/CheckFunctionExists.c.o   -c /usr/share/cmake/Modules/CheckFunctionExists.c
Linking C executable cmTryCompileExec1833646606
/usr/bin/cmake -E cmake_link_script CMakeFiles/cmTryCompileExec1833646606.dir/link.txt --verbose=1
/usr/lib64/ccache/cc   -DCHECK_FUNCTION_EXISTS=gethostbyname    CMakeFiles/cmTryCompileExec1833646606.dir/CheckFunctionExists.c.o  -o cmTryCompileExec1833646606 -rdynamic 
gmake[1]: Leaving directory `/afs/andrew.cmu.edu/usr18/roysung/RealGraphics/p3late/p3-late1/src/build/CMakeFiles/CMakeTmp'


Determining if the function connect exists passed with the following output:
Change Dir: /afs/andrew.cmu.edu/usr18/roysung/RealGraphics/p3late/p3-late1/src/build/CMakeFiles/CMakeTmp

Run Build Command:/usr/bin/gmake "cmTryCompileExec2375850946/fast"
/usr/bin/gmake -f CMakeFiles/cmTryCompileExec2375850946.dir/build.make CMakeFiles/cmTryCompileExec2375850946.dir/build
gmake[1]: Entering directory `/afs/andrew.cmu.edu/usr18/roysung/RealGraphics/p3late/p3-late1/src/build/CMakeFiles/CMakeTmp'
/usr/bin/cmake -E cmake_progress_report /afs/andrew.cmu.edu/usr18/roysung/RealGraphics/p3late/p3-late1/src/build/CMakeFiles/CMakeTmp/CMakeFiles 1
Building C object CMakeFiles/cmTryCompileExec2375850946.dir/CheckFunctionExists.c.o
/usr/lib64/ccache/cc   -DCHECK_FUNCTION_EXISTS=connect   -o CMakeFiles/cmTryCompileExec2375850946.dir/CheckFunctionExists.c.o   -c /usr/share/cmake/Modules/CheckFunctionExists.c
Linking C executable cmTryCompileExec2375850946
/usr/bin/cmake -E cmake_link_script CMakeFiles/cmTryCompileExec2375850946.dir/link.txt --verbose=1
/usr/lib64/ccache/cc   -DCHECK_FUNCTION_EXISTS=connect    CMakeFiles/cmTryCompileExec2375850946.dir/CheckFunctionExists.c.o  -o cmTryCompileExec2375850946 -rdynamic 
gmake[1]: Leaving directory `/afs/andrew.cmu.edu/usr18/roysung/RealGraphics/p3late/p3-late1/src/build/CMakeFiles/CMakeTmp'


Determining if the function remove exists passed with the following output:
Change Dir: /afs/andrew.cmu.edu/usr18/roysung/RealGraphics/p3late/p3-late1/src/build/CMakeFiles/CMakeTmp

Run Build Command:/usr/bin/gmake "cmTryCompileExec760269396/fast"
/usr/bin/gmake -f CMakeFiles/cmTryCompileExec760269396.dir/build.make CMakeFiles/cmTryCompileExec760269396.dir/build
gmake[1]: Entering directory `/afs/andrew.cmu.edu/usr18/roysung/RealGraphics/p3late/p3-late1/src/build/CMakeFiles/CMakeTmp'
/usr/bin/cmake -E cmake_progress_report /afs/andrew.cmu.edu/usr18/roysung/RealGraphics/p3late/p3-late1/src/build/CMakeFiles/CMakeTmp/CMakeFiles 1
Building C object CMakeFiles/cmTryCompileExec760269396.dir/CheckFunctionExists.c.o
/usr/lib64/ccache/cc   -DCHECK_FUNCTION_EXISTS=remove   -o CMakeFiles/cmTryCompileExec760269396.dir/CheckFunctionExists.c.o   -c /usr/share/cmake/Modules/CheckFunctionExists.c
Linking C executable cmTryCompileExec760269396
/usr/bin/cmake -E cmake_link_script CMakeFiles/cmTryCompileExec760269396.dir/link.txt --verbose=1
/usr/lib64/ccache/cc   -DCHECK_FUNCTION_EXISTS=remove    CMakeFiles/cmTryCompileExec760269396.dir/CheckFunctionExists.c.o  -o cmTryCompileExec760269396 -rdynamic 
gmake[1]: Leaving directory `/afs/andrew.cmu.edu/usr18/roysung/RealGraphics/p3late/p3-late1/src/build/CMakeFiles/CMakeTmp'


Determining if the function shmat exists passed with the following output:
Change Dir: /afs/andrew.cmu.edu/usr18/roysung/RealGraphics/p3late/p3-late1/src/build/CMakeFiles/CMakeTmp

Run Build Command:/usr/bin/gmake "cmTryCompileExec647916762/fast"
/usr/bin/gmake -f CMakeFiles/cmTryCompileExec647916762.dir/build.make CMakeFiles/cmTryCompileExec647916762.dir/build
gmake[1]: Entering directory `/afs/andrew.cmu.edu/usr18/roysung/RealGraphics/p3late/p3-late1/src/build/CMakeFiles/CMakeTmp'
/usr/bin/cmake -E cmake_progress_report /afs/andrew.cmu.edu/usr18/roysung/RealGraphics/p3late/p3-late1/src/build/CMakeFiles/CMakeTmp/CMakeFiles 1
Building C object CMakeFiles/cmTryCompileExec647916762.dir/CheckFunctionExists.c.o
/usr/lib64/ccache/cc   -DCHECK_FUNCTION_EXISTS=shmat   -o CMakeFiles/cmTryCompileExec647916762.dir/CheckFunctionExists.c.o   -c /usr/share/cmake/Modules/CheckFunctionExists.c
Linking C executable cmTryCompileExec647916762
/usr/bin/cmake -E cmake_link_script CMakeFiles/cmTryCompileExec647916762.dir/link.txt --verbose=1
/usr/lib64/ccache/cc   -DCHECK_FUNCTION_EXISTS=shmat    CMakeFiles/cmTryCompileExec647916762.dir/CheckFunctionExists.c.o  -o cmTryCompileExec647916762 -rdynamic 
gmake[1]: Leaving directory `/afs/andrew.cmu.edu/usr18/roysung/RealGraphics/p3late/p3-late1/src/build/CMakeFiles/CMakeTmp'


Determining if the function IceConnectionNumber exists in the ICE passed with the following output:
Change Dir: /afs/andrew.cmu.edu/usr18/roysung/RealGraphics/p3late/p3-late1/src/build/CMakeFiles/CMakeTmp

Run Build Command:/usr/bin/gmake "cmTryCompileExec1059262701/fast"
/usr/bin/gmake -f CMakeFiles/cmTryCompileExec1059262701.dir/build.make CMakeFiles/cmTryCompileExec1059262701.dir/build
gmake[1]: Entering directory `/afs/andrew.cmu.edu/usr18/roysung/RealGraphics/p3late/p3-late1/src/build/CMakeFiles/CMakeTmp'
/usr/bin/cmake -E cmake_progress_report /afs/andrew.cmu.edu/usr18/roysung/RealGraphics/p3late/p3-late1/src/build/CMakeFiles/CMakeTmp/CMakeFiles 1
Building C object CMakeFiles/cmTryCompileExec1059262701.dir/CheckFunctionExists.c.o
/usr/lib64/ccache/cc   -DCHECK_FUNCTION_EXISTS=IceConnectionNumber   -o CMakeFiles/cmTryCompileExec1059262701.dir/CheckFunctionExists.c.o   -c /usr/share/cmake/Modules/CheckFunctionExists.c
Linking C executable cmTryCompileExec1059262701
/usr/bin/cmake -E cmake_link_script CMakeFiles/cmTryCompileExec1059262701.dir/link.txt --verbose=1
/usr/lib64/ccache/cc   -DCHECK_FUNCTION_EXISTS=IceConnectionNumber    CMakeFiles/cmTryCompileExec1059262701.dir/CheckFunctionExists.c.o  -o cmTryCompileExec1059262701 -rdynamic -lICE 
gmake[1]: Leaving directory `/afs/andrew.cmu.edu/usr18/roysung/RealGraphics/p3late/p3-late1/src/build/CMakeFiles/CMakeTmp'


Performing C SOURCE FILE Test OpenMP_FLAG_DETECTED succeded with the following output:
Change Dir: /afs/andrew.cmu.edu/usr18/roysung/RealGraphics/p3late/p3-late1/src/build/CMakeFiles/CMakeTmp

Run Build Command:/usr/bin/gmake "cmTryCompileExec1010774936/fast"
/usr/bin/gmake -f CMakeFiles/cmTryCompileExec1010774936.dir/build.make CMakeFiles/cmTryCompileExec1010774936.dir/build
gmake[1]: Entering directory `/afs/andrew.cmu.edu/usr18/roysung/RealGraphics/p3late/p3-late1/src/build/CMakeFiles/CMakeTmp'
/usr/bin/cmake -E cmake_progress_report /afs/andrew.cmu.edu/usr18/roysung/RealGraphics/p3late/p3-late1/src/build/CMakeFiles/CMakeTmp/CMakeFiles 1
Building C object CMakeFiles/cmTryCompileExec1010774936.dir/src.c.o
/usr/lib64/ccache/cc   -DOpenMP_FLAG_DETECTED -fopenmp   -o CMakeFiles/cmTryCompileExec1010774936.dir/src.c.o   -c /afs/andrew.cmu.edu/usr18/roysung/RealGraphics/p3late/p3-late1/src/build/CMakeFiles/CMakeTmp/src.c
Linking C executable cmTryCompileExec1010774936
/usr/bin/cmake -E cmake_link_script CMakeFiles/cmTryCompileExec1010774936.dir/link.txt --verbose=1
/usr/lib64/ccache/cc   -DOpenMP_FLAG_DETECTED -fopenmp    CMakeFiles/cmTryCompileExec1010774936.dir/src.c.o  -o cmTryCompileExec1010774936 -rdynamic 
gmake[1]: Leaving directory `/afs/andrew.cmu.edu/usr18/roysung/RealGraphics/p3late/p3-late1/src/build/CMakeFiles/CMakeTmp'

Source file was:

#include <omp.h>
int main() {
#ifdef _OPENMP
  return 0;
#else
  breaks_on_purpose
#endif
}

Performing C++ SOURCE FILE Test OpenMP_FLAG_DETECTED succeded with the following output:
Change Dir: /afs/andrew.cmu.edu/usr18/roysung/RealGraphics/p3late/p3-late1/src/build/CMakeFiles/CMakeTmp

Run Build Command:/usr/bin/gmake "cmTryCompileExec1454545885/fast"
/usr/bin/gmake -f CMakeFiles/cmTryCompileExec1454545885.dir/build.make CMakeFiles/cmTryCompileExec1454545885.dir/build
gmake[1]: Entering directory `/afs/andrew.cmu.edu/usr18/roysung/RealGraphics/p3late/p3-late1/src/build/CMakeFiles/CMakeTmp'
/usr/bin/cmake -E cmake_progress_report /afs/andrew.cmu.edu/usr18/roysung/RealGraphics/p3late/p3-late1/src/build/CMakeFiles/CMakeTmp/CMakeFiles 1
Building CXX object CMakeFiles/cmTryCompileExec1454545885.dir/src.cxx.o
/usr/lib64/ccache/c++    -Wall -std=c++0x -Wextra -g -O3 -fno-omit-frame-pointer -Wno-deprecated-declarations -Wno-unused-parameter -Wno-unused-function  -DOpenMP_FLAG_DETECTED -fopenmp   -o CMakeFiles/cmTryCompileExec1454545885.dir/src.cxx.o -c /afs/andrew.cmu.edu/usr18/roysung/RealGraphics/p3late/p3-late1/src/build/CMakeFiles/CMakeTmp/src.cxx
Linking CXX executable cmTryCompileExec1454545885
/usr/bin/cmake -E cmake_link_script CMakeFiles/cmTryCompileExec1454545885.dir/link.txt --verbose=1
/usr/lib64/ccache/c++    -Wall -std=c++0x -Wextra -g -O3 -fno-omit-frame-pointer -Wno-deprecated-declarations -Wno-unused-parameter -Wno-unused-function  -DOpenMP_FLAG_DETECTED -fopenmp    CMakeFiles/cmTryCompileExec1454545885.dir/src.cxx.o  -o cmTryCompileExec1454545885 -rdynamic 
gmake[1]: Leaving directory `/afs/andrew.cmu.edu/usr18/roysung/RealGraphics/p3late/p3-late1/src/build/CMakeFiles/CMakeTmp'

Source file was:

#include <omp.h>
int main() {
#ifdef _OPENMP
  return 0;
#else
  breaks_on_purpose
#endif
}

